Please set batch_size to test with: >>> act_rate row 0: 9.57
>>> act_rate row 1: 10.61
>>> act_rate row 2: 15.0
Running torch...
Torch time:  85.6495 us
Running cuda...
Cuda time:  57.1775 us
Index 11: diff = 2.0; res_cuda_list: 342.0; res_torch_list: 340.0
Index 90: diff = 0.03125; res_cuda_list: 7.09375; res_torch_list: 7.0625
Index 136: diff = -0.0625; res_cuda_list: 10.75; res_torch_list: 10.8125
Index 188: diff = -0.03125; res_cuda_list: 6.84375; res_torch_list: 6.875
Index 329: diff = -0.25; res_cuda_list: 52.25; res_torch_list: 52.5
Index 339: diff = -0.125; res_cuda_list: 23.875; res_torch_list: 24.0
Index 381: diff = 16.0; res_cuda_list: 2112.0; res_torch_list: 2096.0
Index 415: diff = -0.015625; res_cuda_list: 2.71875; res_torch_list: 2.734375
Index 458: diff = 0.015625; res_cuda_list: 2.5; res_torch_list: 2.484375
Index 483: diff = -0.5; res_cuda_list: 93.5; res_torch_list: 94.0
Index 501: diff = 0.015625; res_cuda_list: 3.484375; res_torch_list: 3.46875
Index 518: diff = 2.0; res_cuda_list: 458.0; res_torch_list: 456.0
Index 643: diff = -2.0; res_cuda_list: 418.0; res_torch_list: 420.0
Index 808: diff = 8.0; res_cuda_list: 1560.0; res_torch_list: 1552.0
Index 1028: diff = 1.0; res_cuda_list: 205.0; res_torch_list: 204.0
Index 1034: diff = 0.0625; res_cuda_list: 8.4375; res_torch_list: 8.375
Index 1161: diff = 0.03125; res_cuda_list: 4.03125; res_torch_list: 4.0
Index 1196: diff = 4.0; res_cuda_list: 956.0; res_torch_list: 952.0
Index 1203: diff = 0.03125; res_cuda_list: 4.09375; res_torch_list: 4.0625
Index 1241: diff = -0.015625; res_cuda_list: 3.3125; res_torch_list: 3.328125
Index 1349: diff = -0.0625; res_cuda_list: 15.875; res_torch_list: 15.9375
Index 1389: diff = 16.0; res_cuda_list: 2416.0; res_torch_list: 2400.0
Index 1408: diff = 0.25; res_cuda_list: 39.75; res_torch_list: 39.5
Index 1493: diff = -0.03125; res_cuda_list: 5.625; res_torch_list: 5.65625
Index 1797: diff = 0.015625; res_cuda_list: 3.3125; res_torch_list: 3.296875
Index 1945: diff = 0.125; res_cuda_list: 22.0; res_torch_list: 21.875
Index 1983: diff = 0.25; res_cuda_list: 38.0; res_torch_list: 37.75
Index 2025: diff = 0.015625; res_cuda_list: 3.046875; res_torch_list: 3.03125
Index 2147: diff = 16.0; res_cuda_list: 2080.0; res_torch_list: 2064.0
Index 2174: diff = 0.03125; res_cuda_list: 6.4375; res_torch_list: 6.40625
Index 2259: diff = -0.5; res_cuda_list: 107.0; res_torch_list: 107.5
Index 2347: diff = -0.0625; res_cuda_list: 9.875; res_torch_list: 9.9375
Index 2368: diff = 0.25; res_cuda_list: 56.25; res_torch_list: 56.0
Index 2375: diff = 0.03125; res_cuda_list: 5.65625; res_torch_list: 5.625
Index 2377: diff = 0.5; res_cuda_list: 107.5; res_torch_list: 107.0
Index 2455: diff = -0.125; res_cuda_list: 25.75; res_torch_list: 25.875
Index 2580: diff = -0.25; res_cuda_list: 41.0; res_torch_list: 41.25
Index 2618: diff = 0.125; res_cuda_list: 19.5; res_torch_list: 19.375
Index 2671: diff = -8.0; res_cuda_list: 1256.0; res_torch_list: 1264.0
Index 2755: diff = 0.0625; res_cuda_list: 14.1875; res_torch_list: 14.125
Index 2912: diff = 0.0625; res_cuda_list: 10.3125; res_torch_list: 10.25
Index 2959: diff = -0.25; res_cuda_list: 39.25; res_torch_list: 39.5
Index 3188: diff = -0.125; res_cuda_list: 24.875; res_torch_list: 25.0
Index 3278: diff = 0.0625; res_cuda_list: 11.0625; res_torch_list: 11.0
Index 3422: diff = -0.25; res_cuda_list: 43.75; res_torch_list: 44.0
Index 3426: diff = -1.0; res_cuda_list: 214.0; res_torch_list: 215.0
Index 3500: diff = 0.015625; res_cuda_list: 4.0; res_torch_list: 3.984375
Index 3532: diff = -0.0625; res_cuda_list: 9.6875; res_torch_list: 9.75
Index 3803: diff = 0.25; res_cuda_list: 54.75; res_torch_list: 54.5
Index 3831: diff = 0.125; res_cuda_list: 22.625; res_torch_list: 22.5
Index 3996: diff = 1.0; res_cuda_list: 133.0; res_torch_list: 132.0
Index 4050: diff = -2.0; res_cuda_list: 272.0; res_torch_list: 274.0
Index 4068: diff = 2.0; res_cuda_list: 290.0; res_torch_list: 288.0
Index 4073: diff = 0.5; res_cuda_list: 111.0; res_torch_list: 110.5
Index 4237: diff = -2.0; res_cuda_list: 390.0; res_torch_list: 392.0
Index 4502: diff = -0.125; res_cuda_list: 20.5; res_torch_list: 20.625
Index 4630: diff = 0.015625; res_cuda_list: 3.6875; res_torch_list: 3.671875
Index 4708: diff = 4.0; res_cuda_list: 924.0; res_torch_list: 920.0
Index 4729: diff = -1.0; res_cuda_list: 254.0; res_torch_list: 255.0
Index 4735: diff = 0.0625; res_cuda_list: 10.625; res_torch_list: 10.5625
Index 4774: diff = 2.0; res_cuda_list: 448.0; res_torch_list: 446.0
Index 4784: diff = -0.03125; res_cuda_list: 6.46875; res_torch_list: 6.5
Index 4820: diff = 0.03125; res_cuda_list: 5.03125; res_torch_list: 5.0
Index 4837: diff = -0.5; res_cuda_list: 90.5; res_torch_list: 91.0
Index 4905: diff = 0.0625; res_cuda_list: 12.0; res_torch_list: 11.9375
Index 4947: diff = 0.03125; res_cuda_list: 7.3125; res_torch_list: 7.28125
Index 5084: diff = 8.0; res_cuda_list: 1704.0; res_torch_list: 1696.0
Index 5093: diff = -0.5; res_cuda_list: 84.0; res_torch_list: 84.5
Index 5433: diff = 0.5; res_cuda_list: 107.5; res_torch_list: 107.0
Index 5493: diff = 0.03125; res_cuda_list: 6.0625; res_torch_list: 6.03125
Index 5547: diff = -32.0; res_cuda_list: 4800.0; res_torch_list: 4832.0
Index 5689: diff = 0.03125; res_cuda_list: 5.59375; res_torch_list: 5.5625
Index 5698: diff = 0.03125; res_cuda_list: 4.125; res_torch_list: 4.09375
Index 5733: diff = -0.015625; res_cuda_list: 2.4375; res_torch_list: 2.453125
Index 5771: diff = -0.015625; res_cuda_list: 2.859375; res_torch_list: 2.875
Index 5907: diff = -0.03125; res_cuda_list: 6.8125; res_torch_list: 6.84375
Index 5908: diff = 0.03125; res_cuda_list: 6.96875; res_torch_list: 6.9375
Index 5969: diff = 2.0; res_cuda_list: 320.0; res_torch_list: 318.0
Index 5995: diff = -2.0; res_cuda_list: 344.0; res_torch_list: 346.0
Index 6019: diff = 0.125; res_cuda_list: 19.5; res_torch_list: 19.375
Index 6149: diff = 16.0; res_cuda_list: 2160.0; res_torch_list: 2144.0
Index 6299: diff = 0.03125; res_cuda_list: 4.09375; res_torch_list: 4.0625
Index 6342: diff = 2.0; res_cuda_list: 264.0; res_torch_list: 262.0
Index 6453: diff = 0.03125; res_cuda_list: 7.75; res_torch_list: 7.71875
Index 6463: diff = 0.0625; res_cuda_list: 13.5; res_torch_list: 13.4375
Index 6546: diff = 4.0; res_cuda_list: 672.0; res_torch_list: 668.0
Index 6581: diff = 0.5; res_cuda_list: 76.0; res_torch_list: 75.5
Index 6608: diff = 0.0625; res_cuda_list: 10.4375; res_torch_list: 10.375
Index 6716: diff = -0.125; res_cuda_list: 18.5; res_torch_list: 18.625
Index 6790: diff = 0.0625; res_cuda_list: 8.3125; res_torch_list: 8.25
Index 6814: diff = 0.03125; res_cuda_list: 7.6875; res_torch_list: 7.65625
Index 6961: diff = -0.03125; res_cuda_list: 6.0; res_torch_list: 6.03125
Index 7032: diff = -0.25; res_cuda_list: 39.75; res_torch_list: 40.0
Index 7064: diff = -32.0; res_cuda_list: 4672.0; res_torch_list: 4704.0
Index 7105: diff = 1.0; res_cuda_list: 141.0; res_torch_list: 140.0
Index 7143: diff = 0.03125; res_cuda_list: 7.8125; res_torch_list: 7.78125
Index 7266: diff = 0.125; res_cuda_list: 29.75; res_torch_list: 29.625
Index 7518: diff = 0.125; res_cuda_list: 19.125; res_torch_list: 19.0
Index 7659: diff = 8.0; res_cuda_list: 1112.0; res_torch_list: 1104.0
Index 7667: diff = 0.125; res_cuda_list: 31.0; res_torch_list: 30.875
Index 7671: diff = -0.03125; res_cuda_list: 6.40625; res_torch_list: 6.4375
Index 7749: diff = -0.0625; res_cuda_list: 9.125; res_torch_list: 9.1875
Index 7752: diff = 4.0; res_cuda_list: 888.0; res_torch_list: 884.0
Index 7786: diff = 0.25; res_cuda_list: 50.0; res_torch_list: 49.75
Index 7894: diff = 0.0625; res_cuda_list: 8.75; res_torch_list: 8.6875
Index 7943: diff = 0.0625; res_cuda_list: 8.5625; res_torch_list: 8.5
Index 7986: diff = 32.0; res_cuda_list: 5248.0; res_torch_list: 5216.0
Index 8172: diff = 0.0625; res_cuda_list: 11.3125; res_torch_list: 11.25
Index 8326: diff = -0.0625; res_cuda_list: 11.25; res_torch_list: 11.3125
Index 8343: diff = -0.0625; res_cuda_list: 14.5625; res_torch_list: 14.625
Index 8419: diff = -8.0; res_cuda_list: 1168.0; res_torch_list: 1176.0
Index 8431: diff = 0.0625; res_cuda_list: 15.1875; res_torch_list: 15.125
Index 8438: diff = -0.0625; res_cuda_list: 12.125; res_torch_list: 12.1875
Index 8502: diff = 0.25; res_cuda_list: 41.5; res_torch_list: 41.25
Index 8607: diff = 2.0; res_cuda_list: 328.0; res_torch_list: 326.0
Index 8649: diff = 0.25; res_cuda_list: 49.75; res_torch_list: 49.5
Index 8713: diff = 8.0; res_cuda_list: 1256.0; res_torch_list: 1248.0
Index 8938: diff = 0.25; res_cuda_list: 37.0; res_torch_list: 36.75
Index 8960: diff = 1.0; res_cuda_list: 252.0; res_torch_list: 251.0
Index 9095: diff = 0.25; res_cuda_list: 51.5; res_torch_list: 51.25
Index 9146: diff = 0.0625; res_cuda_list: 9.5; res_torch_list: 9.4375
Index 9147: diff = 128.0; res_cuda_list: 17152.0; res_torch_list: 17024.0
Index 9181: diff = -0.03125; res_cuda_list: 6.28125; res_torch_list: 6.3125
Index 9237: diff = -0.125; res_cuda_list: 31.5; res_torch_list: 31.625
Index 9253: diff = 0.015625; res_cuda_list: 3.734375; res_torch_list: 3.71875
Index 9270: diff = 16.0; res_cuda_list: 3296.0; res_torch_list: 3280.0
Index 9283: diff = 0.125; res_cuda_list: 25.125; res_torch_list: 25.0
Index 9316: diff = -8.0; res_cuda_list: 1632.0; res_torch_list: 1640.0
Index 9399: diff = 0.0625; res_cuda_list: 12.8125; res_torch_list: 12.75
Index 9412: diff = 8.0; res_cuda_list: 1848.0; res_torch_list: 1840.0
Index 9494: diff = -1.0; res_cuda_list: 188.0; res_torch_list: 189.0
Index 9627: diff = 0.0625; res_cuda_list: 8.4375; res_torch_list: 8.375
Index 9633: diff = -0.03125; res_cuda_list: 7.75; res_torch_list: 7.78125
Index 9709: diff = 0.03125; res_cuda_list: 4.1875; res_torch_list: 4.15625
Index 9727: diff = 0.125; res_cuda_list: 29.875; res_torch_list: 29.75
Index 9749: diff = -0.25; res_cuda_list: 35.75; res_torch_list: 36.0
Index 9791: diff = 2.0; res_cuda_list: 436.0; res_torch_list: 434.0
Index 9963: diff = 0.015625; res_cuda_list: 2.0625; res_torch_list: 2.046875
Index 10002: diff = 0.25; res_cuda_list: 35.25; res_torch_list: 35.0
Index 10167: diff = -0.0625; res_cuda_list: 11.3125; res_torch_list: 11.375
Index 10311: diff = -0.015625; res_cuda_list: 2.453125; res_torch_list: 2.46875
Index 10464: diff = 0.03125; res_cuda_list: 7.1875; res_torch_list: 7.15625
Index 10657: diff = 0.25; res_cuda_list: 34.75; res_torch_list: 34.5
Index 10720: diff = 0.0625; res_cuda_list: 12.0; res_torch_list: 11.9375
Index 10753: diff = -0.125; res_cuda_list: 20.625; res_torch_list: 20.75
Index 10782: diff = -0.5; res_cuda_list: 101.0; res_torch_list: 101.5
Index 10826: diff = 0.03125; res_cuda_list: 6.03125; res_torch_list: 6.0
Index 10846: diff = -0.03125; res_cuda_list: 5.9375; res_torch_list: 5.96875
Index 10902: diff = -2.0; res_cuda_list: 508.0; res_torch_list: 510.0
Index 10909: diff = 0.015625; res_cuda_list: 3.03125; res_torch_list: 3.015625
Index 10911: diff = 0.25; res_cuda_list: 56.0; res_torch_list: 55.75
Index 11042: diff = 0.25; res_cuda_list: 36.75; res_torch_list: 36.5
Index 11092: diff = 0.25; res_cuda_list: 45.5; res_torch_list: 45.25
Index 11107: diff = 0.125; res_cuda_list: 30.375; res_torch_list: 30.25
Index 11192: diff = 4.0; res_cuda_list: 792.0; res_torch_list: 788.0
Index 11220: diff = -0.125; res_cuda_list: 23.0; res_torch_list: 23.125
Index 11250: diff = -0.0625; res_cuda_list: 14.0625; res_torch_list: 14.125
Index 11368: diff = -0.25; res_cuda_list: 39.0; res_torch_list: 39.25
Index 11407: diff = -4.0; res_cuda_list: 732.0; res_torch_list: 736.0
Index 11422: diff = 4.0; res_cuda_list: 560.0; res_torch_list: 556.0
Index 11633: diff = -2.0; res_cuda_list: 382.0; res_torch_list: 384.0
Index 11672: diff = -8.0; res_cuda_list: 1504.0; res_torch_list: 1512.0
Index 11750: diff = -0.03125; res_cuda_list: 7.09375; res_torch_list: 7.125
Index 11760: diff = 0.5; res_cuda_list: 65.0; res_torch_list: 64.5
Index 11814: diff = -0.03125; res_cuda_list: 4.84375; res_torch_list: 4.875
Index 11825: diff = 8.0; res_cuda_list: 1520.0; res_torch_list: 1512.0
Index 11874: diff = 0.125; res_cuda_list: 20.25; res_torch_list: 20.125
Index 11915: diff = 2.0; res_cuda_list: 434.0; res_torch_list: 432.0
Index 12088: diff = 0.015625; res_cuda_list: 3.09375; res_torch_list: 3.078125
Index 12267: diff = -0.125; res_cuda_list: 25.25; res_torch_list: 25.375
Index 12288: diff = 0.25; res_cuda_list: 51.25; res_torch_list: 51.0
Index 12299: diff = 4.0; res_cuda_list: 828.0; res_torch_list: 824.0
Index 12352: diff = 4.0; res_cuda_list: 828.0; res_torch_list: 824.0
Index 12514: diff = 1.0; res_cuda_list: 213.0; res_torch_list: 212.0
Index 12537: diff = -0.015625; res_cuda_list: 3.359375; res_torch_list: 3.375
Index 12599: diff = 0.0625; res_cuda_list: 13.25; res_torch_list: 13.1875
Index 12604: diff = -1.0; res_cuda_list: 192.0; res_torch_list: 193.0
Index 12605: diff = -0.125; res_cuda_list: 16.375; res_torch_list: 16.5
Index 12644: diff = -0.0625; res_cuda_list: 13.0; res_torch_list: 13.0625
Index 12728: diff = 0.125; res_cuda_list: 21.75; res_torch_list: 21.625
Index 12814: diff = 0.25; res_cuda_list: 56.0; res_torch_list: 55.75
Index 12825: diff = 0.5; res_cuda_list: 105.5; res_torch_list: 105.0
Index 12831: diff = -16.0; res_cuda_list: 2576.0; res_torch_list: 2592.0
Index 12907: diff = -0.5; res_cuda_list: 92.5; res_torch_list: 93.0
Index 12945: diff = -0.03125; res_cuda_list: 4.6875; res_torch_list: 4.71875
Index 13065: diff = 1.0; res_cuda_list: 140.0; res_torch_list: 139.0
Index 13091: diff = 0.0625; res_cuda_list: 10.9375; res_torch_list: 10.875
Index 13102: diff = 0.0625; res_cuda_list: 13.875; res_torch_list: 13.8125
Index 13147: diff = 0.125; res_cuda_list: 24.25; res_torch_list: 24.125
Index 13155: diff = 4.0; res_cuda_list: 520.0; res_torch_list: 516.0
Index 13220: diff = -0.0625; res_cuda_list: 13.8125; res_torch_list: 13.875
Index 13231: diff = 0.5; res_cuda_list: 121.0; res_torch_list: 120.5
Index 13427: diff = 0.0625; res_cuda_list: 8.375; res_torch_list: 8.3125
Index 13440: diff = -0.125; res_cuda_list: 25.0; res_torch_list: 25.125
Index 13502: diff = -0.25; res_cuda_list: 54.5; res_torch_list: 54.75
Index 13679: diff = -2.0; res_cuda_list: 436.0; res_torch_list: 438.0
Index 13699: diff = 0.015625; res_cuda_list: 3.5625; res_torch_list: 3.546875
Index 13734: diff = 0.015625; res_cuda_list: 3.734375; res_torch_list: 3.71875
Index 13890: diff = 1.0; res_cuda_list: 197.0; res_torch_list: 196.0
Index 14021: diff = -0.25; res_cuda_list: 35.5; res_torch_list: 35.75
Index 14053: diff = 0.125; res_cuda_list: 29.75; res_torch_list: 29.625
Index 14107: diff = -0.03125; res_cuda_list: 6.40625; res_torch_list: 6.4375
Index 14110: diff = -0.015625; res_cuda_list: 3.171875; res_torch_list: 3.1875
Index 14255: diff = -0.5; res_cuda_list: 93.0; res_torch_list: 93.5
Index 14267: diff = 0.03125; res_cuda_list: 5.6875; res_torch_list: 5.65625
Index 14283: diff = 2.0; res_cuda_list: 390.0; res_torch_list: 388.0
Index 14286: diff = 0.0625; res_cuda_list: 8.25; res_torch_list: 8.1875
Index 14398: diff = 0.25; res_cuda_list: 60.25; res_torch_list: 60.0
Index 14424: diff = -1.0; res_cuda_list: 249.0; res_torch_list: 250.0
Index 14429: diff = 0.5; res_cuda_list: 70.0; res_torch_list: 69.5
Index 14437: diff = 0.03125; res_cuda_list: 4.875; res_torch_list: 4.84375
Index 14592: diff = 1.0; res_cuda_list: 143.0; res_torch_list: 142.0
Index 14607: diff = -0.015625; res_cuda_list: 2.703125; res_torch_list: 2.71875
Index 14752: diff = 0.5; res_cuda_list: 117.5; res_torch_list: 117.0
Index 14899: diff = 0.125; res_cuda_list: 31.25; res_torch_list: 31.125
Index 14900: diff = 1.0; res_cuda_list: 210.0; res_torch_list: 209.0
Index 14913: diff = 0.5; res_cuda_list: 97.5; res_torch_list: 97.0
Index 14925: diff = -0.5; res_cuda_list: 121.5; res_torch_list: 122.0
Index 14941: diff = -0.5; res_cuda_list: 78.5; res_torch_list: 79.0
Index 14986: diff = 1.0; res_cuda_list: 197.0; res_torch_list: 196.0
Index 15014: diff = -0.25; res_cuda_list: 50.25; res_torch_list: 50.5
Index 15031: diff = 0.03125; res_cuda_list: 4.625; res_torch_list: 4.59375
Index 15048: diff = -0.125; res_cuda_list: 21.625; res_torch_list: 21.75
Index 15063: diff = 0.25; res_cuda_list: 49.25; res_torch_list: 49.0
Index 15113: diff = -0.0625; res_cuda_list: 9.5; res_torch_list: 9.5625
Index 15142: diff = 0.25; res_cuda_list: 38.5; res_torch_list: 38.25
Index 15194: diff = -1.0; res_cuda_list: 185.0; res_torch_list: 186.0
Index 15389: diff = 0.125; res_cuda_list: 22.25; res_torch_list: 22.125
Index 15414: diff = -0.0625; res_cuda_list: 8.6875; res_torch_list: 8.75
Index 15476: diff = -0.125; res_cuda_list: 31.625; res_torch_list: 31.75
Index 15512: diff = 2.0; res_cuda_list: 266.0; res_torch_list: 264.0
Index 15596: diff = 1.0; res_cuda_list: 213.0; res_torch_list: 212.0
Index 15608: diff = -0.125; res_cuda_list: 26.75; res_torch_list: 26.875
Index 15633: diff = 0.125; res_cuda_list: 23.75; res_torch_list: 23.625
Index 15671: diff = 1.0; res_cuda_list: 166.0; res_torch_list: 165.0
Index 15730: diff = 1.0; res_cuda_list: 249.0; res_torch_list: 248.0
Index 15796: diff = 0.125; res_cuda_list: 29.375; res_torch_list: 29.25
Index 15869: diff = -0.125; res_cuda_list: 27.75; res_torch_list: 27.875
Index 15966: diff = 0.5; res_cuda_list: 116.0; res_torch_list: 115.5
Index 16076: diff = -1.0; res_cuda_list: 254.0; res_torch_list: 255.0
Index 16092: diff = 4.0; res_cuda_list: 596.0; res_torch_list: 592.0
Index 16129: diff = -0.5; res_cuda_list: 69.5; res_torch_list: 70.0
Index 16145: diff = 0.25; res_cuda_list: 59.0; res_torch_list: 58.75
Index 16196: diff = -0.5; res_cuda_list: 93.5; res_torch_list: 94.0
Index 16208: diff = 4.0; res_cuda_list: 520.0; res_torch_list: 516.0
Index 16237: diff = -0.125; res_cuda_list: 21.625; res_torch_list: 21.75
Index 16281: diff = -0.125; res_cuda_list: 24.125; res_torch_list: 24.25
Index 16329: diff = 0.125; res_cuda_list: 24.375; res_torch_list: 24.25
Index 16433: diff = -2.0; res_cuda_list: 332.0; res_torch_list: 334.0
Index 16454: diff = -0.25; res_cuda_list: 41.75; res_torch_list: 42.0
Index 16468: diff = 1.0; res_cuda_list: 214.0; res_torch_list: 213.0
Index 16493: diff = 0.015625; res_cuda_list: 3.40625; res_torch_list: 3.390625
Index 16506: diff = 0.5; res_cuda_list: 106.0; res_torch_list: 105.5
Index 16527: diff = -8.0; res_cuda_list: 1088.0; res_torch_list: 1096.0
Index 16538: diff = 0.0625; res_cuda_list: 14.3125; res_torch_list: 14.25
Index 16572: diff = 0.03125; res_cuda_list: 5.21875; res_torch_list: 5.1875
Index 16610: diff = 0.125; res_cuda_list: 21.25; res_torch_list: 21.125
Index 16663: diff = 0.0625; res_cuda_list: 13.8125; res_torch_list: 13.75
Index 16742: diff = -2.0; res_cuda_list: 362.0; res_torch_list: 364.0
Index 16790: diff = 0.125; res_cuda_list: 23.875; res_torch_list: 23.75
Index 16792: diff = -0.25; res_cuda_list: 57.25; res_torch_list: 57.5
Index 16846: diff = 1.0; res_cuda_list: 231.0; res_torch_list: 230.0
Index 16942: diff = 0.25; res_cuda_list: 58.25; res_torch_list: 58.0
Index 16947: diff = 2.0; res_cuda_list: 300.0; res_torch_list: 298.0
Index 17051: diff = 4.0; res_cuda_list: 688.0; res_torch_list: 684.0
Index 17063: diff = 8.0; res_cuda_list: 1344.0; res_torch_list: 1336.0
Index 17157: diff = 4.0; res_cuda_list: 700.0; res_torch_list: 696.0
Index 17362: diff = 0.25; res_cuda_list: 33.5; res_torch_list: 33.25
Index 17479: diff = -0.5; res_cuda_list: 83.5; res_torch_list: 84.0
Index 17592: diff = 2.0; res_cuda_list: 266.0; res_torch_list: 264.0
Index 17610: diff = 0.5; res_cuda_list: 64.5; res_torch_list: 64.0
Index 17716: diff = 0.03125; res_cuda_list: 5.09375; res_torch_list: 5.0625
Index 17730: diff = -0.0625; res_cuda_list: 13.5625; res_torch_list: 13.625
Index 17741: diff = 0.03125; res_cuda_list: 7.4375; res_torch_list: 7.40625
Index 17779: diff = 0.015625; res_cuda_list: 3.8125; res_torch_list: 3.796875
Index 17800: diff = -0.03125; res_cuda_list: 5.375; res_torch_list: 5.40625
Index 17808: diff = 0.5; res_cuda_list: 74.5; res_torch_list: 74.0
Index 17810: diff = 4.0; res_cuda_list: 948.0; res_torch_list: 944.0
Index 17900: diff = 0.125; res_cuda_list: 19.875; res_torch_list: 19.75
Index 17937: diff = 0.5; res_cuda_list: 125.0; res_torch_list: 124.5
Index 17970: diff = 4.0; res_cuda_list: 816.0; res_torch_list: 812.0
Index 18039: diff = 0.5; res_cuda_list: 97.0; res_torch_list: 96.5
Index 18058: diff = 4.0; res_cuda_list: 652.0; res_torch_list: 648.0
Index 18196: diff = 0.015625; res_cuda_list: 2.296875; res_torch_list: 2.28125
Index 18253: diff = 0.5; res_cuda_list: 115.5; res_torch_list: 115.0
Index 18258: diff = 0.5; res_cuda_list: 67.0; res_torch_list: 66.5
Index 18274: diff = 4.0; res_cuda_list: 724.0; res_torch_list: 720.0
Index 18316: diff = 0.5; res_cuda_list: 64.5; res_torch_list: 64.0
Index 18336: diff = -0.5; res_cuda_list: 111.0; res_torch_list: 111.5
Index 18430: diff = 1.0; res_cuda_list: 233.0; res_torch_list: 232.0
Index 18499: diff = -8.0; res_cuda_list: 1800.0; res_torch_list: 1808.0
Index 18603: diff = 0.0625; res_cuda_list: 13.3125; res_torch_list: 13.25
Index 18609: diff = -1.0; res_cuda_list: 163.0; res_torch_list: 164.0
Index 18636: diff = -0.25; res_cuda_list: 42.75; res_torch_list: 43.0
Index 18658: diff = 0.25; res_cuda_list: 56.75; res_torch_list: 56.5
Index 18708: diff = -0.125; res_cuda_list: 21.75; res_torch_list: 21.875
Index 18764: diff = 1.0; res_cuda_list: 181.0; res_torch_list: 180.0
Index 18794: diff = 2.0; res_cuda_list: 468.0; res_torch_list: 466.0
Index 18816: diff = 0.0625; res_cuda_list: 11.3125; res_torch_list: 11.25
Index 18994: diff = 0.125; res_cuda_list: 28.375; res_torch_list: 28.25
Index 19002: diff = 0.0625; res_cuda_list: 14.8125; res_torch_list: 14.75
Index 19107: diff = 0.125; res_cuda_list: 25.375; res_torch_list: 25.25
Index 19110: diff = 0.25; res_cuda_list: 58.25; res_torch_list: 58.0
Index 19138: diff = 0.5; res_cuda_list: 109.5; res_torch_list: 109.0
Index 19213: diff = 0.5; res_cuda_list: 120.5; res_torch_list: 120.0
Index 19275: diff = 0.0625; res_cuda_list: 9.25; res_torch_list: 9.1875
Index 19282: diff = 0.0625; res_cuda_list: 8.3125; res_torch_list: 8.25
Index 19320: diff = 0.125; res_cuda_list: 27.125; res_torch_list: 27.0
Index 19449: diff = -1.0; res_cuda_list: 185.0; res_torch_list: 186.0
Index 19512: diff = 4.0; res_cuda_list: 716.0; res_torch_list: 712.0
Index 19556: diff = -0.03125; res_cuda_list: 5.90625; res_torch_list: 5.9375
Index 19609: diff = 1.0; res_cuda_list: 242.0; res_torch_list: 241.0
Index 19752: diff = -0.5; res_cuda_list: 95.0; res_torch_list: 95.5
Index 19820: diff = 0.0625; res_cuda_list: 12.5; res_torch_list: 12.4375
Index 19879: diff = 2.0; res_cuda_list: 324.0; res_torch_list: 322.0
Index 19969: diff = -1.0; res_cuda_list: 211.0; res_torch_list: 212.0
Index 20018: diff = -0.25; res_cuda_list: 49.75; res_torch_list: 50.0
Index 20026: diff = -0.25; res_cuda_list: 50.5; res_torch_list: 50.75
Index 20114: diff = 4.0; res_cuda_list: 776.0; res_torch_list: 772.0
Index 20155: diff = 8.0; res_cuda_list: 1032.0; res_torch_list: 1024.0
Index 20209: diff = 2.0; res_cuda_list: 258.0; res_torch_list: 256.0
Index 20241: diff = 0.03125; res_cuda_list: 7.375; res_torch_list: 7.34375
Index 20278: diff = 1.0; res_cuda_list: 145.0; res_torch_list: 144.0
Index 20403: diff = -0.5; res_cuda_list: 73.5; res_torch_list: 74.0
Index 20442: diff = 0.5; res_cuda_list: 64.5; res_torch_list: 64.0
Index 20501: diff = -0.015625; res_cuda_list: 3.234375; res_torch_list: 3.25
Index 20576: diff = -0.125; res_cuda_list: 22.625; res_torch_list: 22.75
Index 20606: diff = -1.0; res_cuda_list: 231.0; res_torch_list: 232.0
Index 20608: diff = 0.5; res_cuda_list: 118.0; res_torch_list: 117.5
Index 20671: diff = 1.0; res_cuda_list: 237.0; res_torch_list: 236.0
Index 20759: diff = 1.0; res_cuda_list: 228.0; res_torch_list: 227.0
Index 20797: diff = 1.0; res_cuda_list: 147.0; res_torch_list: 146.0
Index 20799: diff = 0.5; res_cuda_list: 108.5; res_torch_list: 108.0
Index 20847: diff = 1.0; res_cuda_list: 178.0; res_torch_list: 177.0
Index 20917: diff = -0.5; res_cuda_list: 112.0; res_torch_list: 112.5
Index 21062: diff = 8.0; res_cuda_list: 1064.0; res_torch_list: 1056.0
Index 21064: diff = -0.25; res_cuda_list: 42.75; res_torch_list: 43.0
Index 21120: diff = 0.125; res_cuda_list: 20.25; res_torch_list: 20.125
Index 21203: diff = 0.125; res_cuda_list: 28.75; res_torch_list: 28.625
Index 21225: diff = -0.25; res_cuda_list: 57.25; res_torch_list: 57.5
Index 21290: diff = -0.25; res_cuda_list: 51.75; res_torch_list: 52.0
Index 21304: diff = 0.0625; res_cuda_list: 15.25; res_torch_list: 15.1875
Index 21346: diff = 0.125; res_cuda_list: 23.375; res_torch_list: 23.25
Index 21351: diff = -1.0; res_cuda_list: 187.0; res_torch_list: 188.0
Index 21363: diff = 0.125; res_cuda_list: 16.5; res_torch_list: 16.375
Index 21576: diff = 0.0625; res_cuda_list: 12.625; res_torch_list: 12.5625
Index 21608: diff = -0.5; res_cuda_list: 101.5; res_torch_list: 102.0
Index 21709: diff = 2.0; res_cuda_list: 446.0; res_torch_list: 444.0
Index 21770: diff = -8.0; res_cuda_list: 1752.0; res_torch_list: 1760.0
Index 21803: diff = 4.0; res_cuda_list: 684.0; res_torch_list: 680.0
Index 21899: diff = 0.0625; res_cuda_list: 14.5; res_torch_list: 14.4375
Index 21990: diff = -0.125; res_cuda_list: 27.0; res_torch_list: 27.125
Index 22027: diff = 0.5; res_cuda_list: 77.0; res_torch_list: 76.5
Index 22036: diff = -0.25; res_cuda_list: 55.25; res_torch_list: 55.5
Index 22048: diff = 0.5; res_cuda_list: 118.5; res_torch_list: 118.0
Index 22081: diff = 1.0; res_cuda_list: 168.0; res_torch_list: 167.0
Index 22115: diff = 0.25; res_cuda_list: 53.75; res_torch_list: 53.5
Index 22119: diff = -0.25; res_cuda_list: 48.0; res_torch_list: 48.25
Index 22181: diff = 1.0; res_cuda_list: 232.0; res_torch_list: 231.0
Index 22191: diff = -1.0; res_cuda_list: 172.0; res_torch_list: 173.0
Index 22199: diff = -0.25; res_cuda_list: 50.0; res_torch_list: 50.25
Index 22200: diff = 4.0; res_cuda_list: 872.0; res_torch_list: 868.0
Index 22217: diff = -0.25; res_cuda_list: 51.0; res_torch_list: 51.25
Index 22218: diff = 2.0; res_cuda_list: 276.0; res_torch_list: 274.0
Index 22244: diff = 4.0; res_cuda_list: 708.0; res_torch_list: 704.0
Index 22316: diff = -2.0; res_cuda_list: 350.0; res_torch_list: 352.0
Index 22317: diff = 1.0; res_cuda_list: 161.0; res_torch_list: 160.0
Index 22334: diff = 0.25; res_cuda_list: 58.0; res_torch_list: 57.75
Index 22430: diff = 4.0; res_cuda_list: 584.0; res_torch_list: 580.0
Index 22483: diff = -4.0; res_cuda_list: 548.0; res_torch_list: 552.0
Index 22630: diff = 0.25; res_cuda_list: 40.75; res_torch_list: 40.5
Index 22648: diff = 2.0; res_cuda_list: 396.0; res_torch_list: 394.0
Index 22714: diff = 0.25; res_cuda_list: 47.25; res_torch_list: 47.0
Index 22771: diff = 0.5; res_cuda_list: 102.5; res_torch_list: 102.0
Index 22829: diff = -0.25; res_cuda_list: 44.5; res_torch_list: 44.75
Index 22835: diff = 2.0; res_cuda_list: 454.0; res_torch_list: 452.0
Index 22907: diff = 2.0; res_cuda_list: 358.0; res_torch_list: 356.0
Index 22911: diff = -0.5; res_cuda_list: 69.0; res_torch_list: 69.5
Index 22912: diff = 1.0; res_cuda_list: 136.0; res_torch_list: 135.0
Index 23020: diff = 2.0; res_cuda_list: 324.0; res_torch_list: 322.0
Index 23166: diff = 4.0; res_cuda_list: 688.0; res_torch_list: 684.0
Index 23220: diff = 0.25; res_cuda_list: 50.75; res_torch_list: 50.5
Index 23255: diff = 1.0; res_cuda_list: 182.0; res_torch_list: 181.0
Index 23301: diff = -0.125; res_cuda_list: 31.25; res_torch_list: 31.375
Index 23307: diff = 2.0; res_cuda_list: 396.0; res_torch_list: 394.0
Index 23315: diff = 8.0; res_cuda_list: 1936.0; res_torch_list: 1928.0
Index 23327: diff = 0.5; res_cuda_list: 67.0; res_torch_list: 66.5
Index 23341: diff = -0.25; res_cuda_list: 52.75; res_torch_list: 53.0
Index 23472: diff = 8.0; res_cuda_list: 1512.0; res_torch_list: 1504.0
Index 23486: diff = -1.0; res_cuda_list: 233.0; res_torch_list: 234.0
Index 23501: diff = 1.0; res_cuda_list: 231.0; res_torch_list: 230.0
Index 23515: diff = -1.0; res_cuda_list: 207.0; res_torch_list: 208.0
Index 23523: diff = -1.0; res_cuda_list: 154.0; res_torch_list: 155.0
Index 23537: diff = 2.0; res_cuda_list: 448.0; res_torch_list: 446.0
Index 23581: diff = 0.25; res_cuda_list: 39.75; res_torch_list: 39.5
Index 23588: diff = -0.25; res_cuda_list: 39.25; res_torch_list: 39.5
Index 23640: diff = -0.5; res_cuda_list: 115.0; res_torch_list: 115.5
Index 23644: diff = 4.0; res_cuda_list: 532.0; res_torch_list: 528.0
Index 23647: diff = -0.5; res_cuda_list: 124.5; res_torch_list: 125.0
Index 23704: diff = 1.0; res_cuda_list: 221.0; res_torch_list: 220.0
Index 23740: diff = -1.0; res_cuda_list: 200.0; res_torch_list: 201.0
Index 23840: diff = 2.0; res_cuda_list: 270.0; res_torch_list: 268.0
Index 23884: diff = 2.0; res_cuda_list: 416.0; res_torch_list: 414.0
Index 23891: diff = 0.25; res_cuda_list: 54.5; res_torch_list: 54.25
Index 23972: diff = 1.0; res_cuda_list: 166.0; res_torch_list: 165.0
Index 23976: diff = -4.0; res_cuda_list: 908.0; res_torch_list: 912.0
Index 24000: diff = 0.5; res_cuda_list: 104.5; res_torch_list: 104.0
Index 24055: diff = -0.25; res_cuda_list: 51.5; res_torch_list: 51.75
Index 24072: diff = -2.0; res_cuda_list: 338.0; res_torch_list: 340.0
Index 24121: diff = 1.0; res_cuda_list: 132.0; res_torch_list: 131.0
Index 24140: diff = 1.0; res_cuda_list: 221.0; res_torch_list: 220.0
Index 24186: diff = -0.25; res_cuda_list: 48.25; res_torch_list: 48.5
Index 24187: diff = -1.0; res_cuda_list: 223.0; res_torch_list: 224.0
Index 24190: diff = 2.0; res_cuda_list: 454.0; res_torch_list: 452.0
Index 24221: diff = 0.25; res_cuda_list: 35.0; res_torch_list: 34.75
Index 24228: diff = -1.0; res_cuda_list: 221.0; res_torch_list: 222.0
Index 24279: diff = -0.5; res_cuda_list: 88.5; res_torch_list: 89.0
Index 24395: diff = 0.25; res_cuda_list: 50.0; res_torch_list: 49.75
Index 24452: diff = -2.0; res_cuda_list: 446.0; res_torch_list: 448.0
Index 24478: diff = -1.0; res_cuda_list: 164.0; res_torch_list: 165.0
Index 24482: diff = -4.0; res_cuda_list: 556.0; res_torch_list: 560.0
Index 24493: diff = 2.0; res_cuda_list: 272.0; res_torch_list: 270.0
Index 24510: diff = -0.5; res_cuda_list: 73.0; res_torch_list: 73.5
Index 24559: diff = -2.0; res_cuda_list: 388.0; res_torch_list: 390.0
Index 24647: diff = -0.5; res_cuda_list: 112.5; res_torch_list: 113.0
Index 24656: diff = -2.0; res_cuda_list: 328.0; res_torch_list: 330.0
Index 24697: diff = -0.25; res_cuda_list: 56.25; res_torch_list: 56.5
Index 24698: diff = -1.0; res_cuda_list: 151.0; res_torch_list: 152.0
Index 24722: diff = 0.5; res_cuda_list: 80.5; res_torch_list: 80.0
Index 24775: diff = 1.0; res_cuda_list: 237.0; res_torch_list: 236.0
Index 24820: diff = 1.0; res_cuda_list: 197.0; res_torch_list: 196.0
Index 24847: diff = 1.0; res_cuda_list: 229.0; res_torch_list: 228.0
Index 24873: diff = -0.25; res_cuda_list: 39.5; res_torch_list: 39.75
Index 24898: diff = 0.25; res_cuda_list: 41.25; res_torch_list: 41.0
Index 24911: diff = -1.0; res_cuda_list: 222.0; res_torch_list: 223.0
Index 24956: diff = -2.0; res_cuda_list: 370.0; res_torch_list: 372.0
Index 24967: diff = 1.0; res_cuda_list: 205.0; res_torch_list: 204.0
Index 24977: diff = -4.0; res_cuda_list: 568.0; res_torch_list: 572.0
Index 24989: diff = 1.0; res_cuda_list: 227.0; res_torch_list: 226.0
Index 25002: diff = 1.0; res_cuda_list: 209.0; res_torch_list: 208.0
Index 25039: diff = 0.25; res_cuda_list: 35.0; res_torch_list: 34.75
Index 25071: diff = -2.0; res_cuda_list: 338.0; res_torch_list: 340.0
Index 25074: diff = 0.5; res_cuda_list: 104.5; res_torch_list: 104.0
Index 25101: diff = 1.0; res_cuda_list: 231.0; res_torch_list: 230.0
Index 25111: diff = -0.5; res_cuda_list: 93.5; res_torch_list: 94.0
Index 25113: diff = -0.25; res_cuda_list: 44.5; res_torch_list: 44.75
Index 25130: diff = 0.5; res_cuda_list: 115.0; res_torch_list: 114.5
Index 25152: diff = -1.0; res_cuda_list: 184.0; res_torch_list: 185.0
Index 25168: diff = 4.0; res_cuda_list: 536.0; res_torch_list: 532.0
Index 25171: diff = 1.0; res_cuda_list: 195.0; res_torch_list: 194.0
Index 25242: diff = -0.25; res_cuda_list: 54.0; res_torch_list: 54.25
Index 25312: diff = -1.0; res_cuda_list: 166.0; res_torch_list: 167.0
Index 25319: diff = -1.0; res_cuda_list: 188.0; res_torch_list: 189.0
Index 25359: diff = 1.0; res_cuda_list: 182.0; res_torch_list: 181.0
Index 25413: diff = -4.0; res_cuda_list: 672.0; res_torch_list: 676.0
Index 25432: diff = -2.0; res_cuda_list: 404.0; res_torch_list: 406.0
Index 25536: diff = -0.5; res_cuda_list: 109.0; res_torch_list: 109.5
Index 25577: diff = 0.5; res_cuda_list: 65.0; res_torch_list: 64.5
Index 25594: diff = -0.5; res_cuda_list: 108.0; res_torch_list: 108.5
Index 25627: diff = 0.5; res_cuda_list: 68.5; res_torch_list: 68.0
Index 25628: diff = -0.25; res_cuda_list: 39.75; res_torch_list: 40.0
Index 25629: diff = 1.0; res_cuda_list: 211.0; res_torch_list: 210.0
Index 25664: diff = 4.0; res_cuda_list: 532.0; res_torch_list: 528.0
Index 25701: diff = -0.25; res_cuda_list: 52.25; res_torch_list: 52.5
Index 25738: diff = 1.0; res_cuda_list: 180.0; res_torch_list: 179.0
Index 25745: diff = -0.5; res_cuda_list: 104.0; res_torch_list: 104.5
Index 25778: diff = -0.5; res_cuda_list: 125.5; res_torch_list: 126.0
Index 25794: diff = 1.0; res_cuda_list: 150.0; res_torch_list: 149.0
Index 25809: diff = 0.25; res_cuda_list: 56.5; res_torch_list: 56.25
Index 25813: diff = 0.25; res_cuda_list: 58.5; res_torch_list: 58.25
Index 25817: diff = 1.0; res_cuda_list: 190.0; res_torch_list: 189.0
Index 25856: diff = -0.25; res_cuda_list: 43.25; res_torch_list: 43.5
Index 25878: diff = 0.25; res_cuda_list: 55.25; res_torch_list: 55.0
Index 25900: diff = -0.25; res_cuda_list: 46.75; res_torch_list: 47.0
Index 25914: diff = 0.25; res_cuda_list: 39.25; res_torch_list: 39.0
Index 25915: diff = -0.25; res_cuda_list: 56.25; res_torch_list: 56.5
Index 25958: diff = -0.25; res_cuda_list: 50.75; res_torch_list: 51.0
Index 25992: diff = -0.25; res_cuda_list: 45.0; res_torch_list: 45.25
Index 26021: diff = -0.25; res_cuda_list: 57.75; res_torch_list: 58.0
Index 26023: diff = -8.0; res_cuda_list: 1096.0; res_torch_list: 1104.0
Index 26047: diff = 1.0; res_cuda_list: 212.0; res_torch_list: 211.0
Index 26102: diff = -0.25; res_cuda_list: 38.75; res_torch_list: 39.0
Index 26110: diff = -0.25; res_cuda_list: 55.75; res_torch_list: 56.0
Index 26122: diff = 0.5; res_cuda_list: 95.5; res_torch_list: 95.0
Index 26131: diff = 0.5; res_cuda_list: 110.0; res_torch_list: 109.5
Index 26180: diff = 0.25; res_cuda_list: 38.25; res_torch_list: 38.0
Index 26198: diff = 1.0; res_cuda_list: 160.0; res_torch_list: 159.0
Index 26208: diff = 0.25; res_cuda_list: 44.0; res_torch_list: 43.75
Index 26251: diff = 2.0; res_cuda_list: 314.0; res_torch_list: 312.0
Index 26301: diff = -0.25; res_cuda_list: 33.75; res_torch_list: 34.0
Index 26327: diff = 2.0; res_cuda_list: 428.0; res_torch_list: 426.0
Index 26366: diff = 1.0; res_cuda_list: 231.0; res_torch_list: 230.0
Index 26398: diff = 0.5; res_cuda_list: 74.5; res_torch_list: 74.0
Index 26528: diff = 0.25; res_cuda_list: 51.5; res_torch_list: 51.25
Index 26538: diff = 2.0; res_cuda_list: 312.0; res_torch_list: 310.0
Index 26553: diff = 1.0; res_cuda_list: 182.0; res_torch_list: 181.0
Index 26561: diff = 0.5; res_cuda_list: 89.5; res_torch_list: 89.0
Index 26588: diff = 1.0; res_cuda_list: 132.0; res_torch_list: 131.0
Index 26595: diff = 0.25; res_cuda_list: 49.75; res_torch_list: 49.5
Index 26641: diff = 0.25; res_cuda_list: 48.25; res_torch_list: 48.0
Index 26692: diff = -0.25; res_cuda_list: 45.25; res_torch_list: 45.5
Index 26789: diff = 0.25; res_cuda_list: 59.75; res_torch_list: 59.5
Index 26801: diff = -0.25; res_cuda_list: 53.75; res_torch_list: 54.0
Index 26804: diff = 0.5; res_cuda_list: 115.5; res_torch_list: 115.0
Index 26903: diff = 0.25; res_cuda_list: 57.75; res_torch_list: 57.5
Index 26904: diff = -0.5; res_cuda_list: 75.5; res_torch_list: 76.0
Index 26944: diff = -0.25; res_cuda_list: 41.25; res_torch_list: 41.5
Index 26948: diff = -2.0; res_cuda_list: 388.0; res_torch_list: 390.0
Index 26960: diff = -0.5; res_cuda_list: 98.0; res_torch_list: 98.5
Index 26981: diff = 0.5; res_cuda_list: 71.0; res_torch_list: 70.5
Index 26992: diff = -0.5; res_cuda_list: 87.0; res_torch_list: 87.5
Index 27000: diff = -0.25; res_cuda_list: 36.25; res_torch_list: 36.5
Index 27008: diff = -1.0; res_cuda_list: 163.0; res_torch_list: 164.0
Index 27044: diff = -0.25; res_cuda_list: 50.75; res_torch_list: 51.0
Index 27063: diff = 0.5; res_cuda_list: 114.0; res_torch_list: 113.5
Index 27071: diff = 2.0; res_cuda_list: 270.0; res_torch_list: 268.0
Index 27119: diff = 1.0; res_cuda_list: 129.0; res_torch_list: 128.0
Index 27123: diff = 0.5; res_cuda_list: 105.0; res_torch_list: 104.5
Index 27259: diff = -0.25; res_cuda_list: 54.5; res_torch_list: 54.75
Index 27309: diff = 1.0; res_cuda_list: 141.0; res_torch_list: 140.0
Index 27468: diff = 1.0; res_cuda_list: 230.0; res_torch_list: 229.0
Index 27476: diff = 0.5; res_cuda_list: 113.0; res_torch_list: 112.5
Index 27564: diff = -2.0; res_cuda_list: 426.0; res_torch_list: 428.0
Index 27594: diff = -0.5; res_cuda_list: 105.0; res_torch_list: 105.5
Index 27641: diff = -4.0; res_cuda_list: 732.0; res_torch_list: 736.0
Index 27644: diff = 0.25; res_cuda_list: 42.0; res_torch_list: 41.75
Index 27678: diff = 0.5; res_cuda_list: 115.0; res_torch_list: 114.5
Index 27694: diff = -0.25; res_cuda_list: 39.0; res_torch_list: 39.25
Index 27769: diff = 0.25; res_cuda_list: 45.75; res_torch_list: 45.5
Index 27798: diff = 2.0; res_cuda_list: 404.0; res_torch_list: 402.0
Index 27842: diff = -0.5; res_cuda_list: 88.5; res_torch_list: 89.0
Index 27899: diff = 4.0; res_cuda_list: 544.0; res_torch_list: 540.0
Index 27903: diff = -0.5; res_cuda_list: 77.5; res_torch_list: 78.0
Index 27914: diff = 0.25; res_cuda_list: 58.5; res_torch_list: 58.25
Index 27931: diff = -0.25; res_cuda_list: 38.0; res_torch_list: 38.25
Index 27950: diff = 0.5; res_cuda_list: 67.0; res_torch_list: 66.5
Index 28003: diff = -1.0; res_cuda_list: 187.0; res_torch_list: 188.0
Index 28038: diff = 0.25; res_cuda_list: 38.25; res_torch_list: 38.0
Index 28071: diff = 32.0; res_cuda_list: 4288.0; res_torch_list: 4256.0
Index 28137: diff = 2.0; res_cuda_list: 304.0; res_torch_list: 302.0
Index 28237: diff = 1.0; res_cuda_list: 176.0; res_torch_list: 175.0
Index 28244: diff = -0.25; res_cuda_list: 35.75; res_torch_list: 36.0
Index 28300: diff = -0.25; res_cuda_list: 36.75; res_torch_list: 37.0
Index 28488: diff = 0.25; res_cuda_list: 55.5; res_torch_list: 55.25
Index 28506: diff = -0.5; res_cuda_list: 105.5; res_torch_list: 106.0
Index 28533: diff = 0.25; res_cuda_list: 58.25; res_torch_list: 58.0
Index 28588: diff = 0.5; res_cuda_list: 121.5; res_torch_list: 121.0
Index 28598: diff = -0.5; res_cuda_list: 93.5; res_torch_list: 94.0
Index 28631: diff = 0.25; res_cuda_list: 57.25; res_torch_list: 57.0
Index 28696: diff = -0.5; res_cuda_list: 98.0; res_torch_list: 98.5
Index 28706: diff = 0.5; res_cuda_list: 120.5; res_torch_list: 120.0
Index 28727: diff = -0.5; res_cuda_list: 109.5; res_torch_list: 110.0
Index 28742: diff = 2.0; res_cuda_list: 464.0; res_torch_list: 462.0
Index 28774: diff = 0.5; res_cuda_list: 83.5; res_torch_list: 83.0
Index 28792: diff = 0.5; res_cuda_list: 105.0; res_torch_list: 104.5
Index 28818: diff = 8.0; res_cuda_list: 1464.0; res_torch_list: 1456.0
Index 28842: diff = 0.5; res_cuda_list: 82.5; res_torch_list: 82.0
Index 28869: diff = -1.0; res_cuda_list: 186.0; res_torch_list: 187.0
Index 28902: diff = -0.5; res_cuda_list: 97.0; res_torch_list: 97.5
Index 28949: diff = -0.25; res_cuda_list: 45.5; res_torch_list: 45.75
Index 28953: diff = -1.0; res_cuda_list: 197.0; res_torch_list: 198.0
Index 29066: diff = 0.5; res_cuda_list: 80.0; res_torch_list: 79.5
Index 29185: diff = -0.5; res_cuda_list: 114.5; res_torch_list: 115.0
Index 29189: diff = -1.0; res_cuda_list: 222.0; res_torch_list: 223.0
Index 29204: diff = 0.5; res_cuda_list: 80.0; res_torch_list: 79.5
Index 29263: diff = -0.25; res_cuda_list: 45.25; res_torch_list: 45.5
Index 29277: diff = 1.0; res_cuda_list: 240.0; res_torch_list: 239.0
Index 29308: diff = 0.25; res_cuda_list: 59.75; res_torch_list: 59.5
Index 29310: diff = -0.25; res_cuda_list: 56.25; res_torch_list: 56.5
Index 29370: diff = -1.0; res_cuda_list: 202.0; res_torch_list: 203.0
Index 29391: diff = 0.5; res_cuda_list: 116.0; res_torch_list: 115.5
Index 29397: diff = 0.25; res_cuda_list: 58.25; res_torch_list: 58.0
Index 29405: diff = 8.0; res_cuda_list: 1536.0; res_torch_list: 1528.0
Index 29413: diff = 1.0; res_cuda_list: 252.0; res_torch_list: 251.0
Index 29480: diff = -2.0; res_cuda_list: 468.0; res_torch_list: 470.0
Index 29505: diff = 1.0; res_cuda_list: 172.0; res_torch_list: 171.0
Index 29589: diff = -0.25; res_cuda_list: 39.5; res_torch_list: 39.75
Index 29606: diff = -0.5; res_cuda_list: 86.5; res_torch_list: 87.0
Index 29615: diff = 0.5; res_cuda_list: 96.5; res_torch_list: 96.0
Index 29701: diff = -0.25; res_cuda_list: 55.0; res_torch_list: 55.25
Index 29711: diff = 2.0; res_cuda_list: 288.0; res_torch_list: 286.0
Index 29797: diff = 2.0; res_cuda_list: 460.0; res_torch_list: 458.0
Index 29802: diff = 0.5; res_cuda_list: 87.5; res_torch_list: 87.0
Index 29891: diff = -0.25; res_cuda_list: 43.5; res_torch_list: 43.75
Index 29937: diff = 0.25; res_cuda_list: 60.25; res_torch_list: 60.0
Index 29961: diff = 0.5; res_cuda_list: 126.0; res_torch_list: 125.5
Index 29993: diff = -0.25; res_cuda_list: 46.75; res_torch_list: 47.0
Index 30046: diff = 32.0; res_cuda_list: 4640.0; res_torch_list: 4608.0
Index 30106: diff = -2.0; res_cuda_list: 354.0; res_torch_list: 356.0
Index 30118: diff = 2.0; res_cuda_list: 430.0; res_torch_list: 428.0
Index 30145: diff = -4.0; res_cuda_list: 596.0; res_torch_list: 600.0
Index 30148: diff = 0.25; res_cuda_list: 58.75; res_torch_list: 58.5
Index 30219: diff = 0.25; res_cuda_list: 59.25; res_torch_list: 59.0
Index 30244: diff = -0.25; res_cuda_list: 54.25; res_torch_list: 54.5
Index 30279: diff = -1.0; res_cuda_list: 202.0; res_torch_list: 203.0
Index 30281: diff = 0.5; res_cuda_list: 111.5; res_torch_list: 111.0
Index 30284: diff = 0.5; res_cuda_list: 82.0; res_torch_list: 81.5
Index 30312: diff = 0.25; res_cuda_list: 50.75; res_torch_list: 50.5
Index 30377: diff = -0.5; res_cuda_list: 89.0; res_torch_list: 89.5
Index 30379: diff = 0.5; res_cuda_list: 110.0; res_torch_list: 109.5
Index 30423: diff = 2.0; res_cuda_list: 468.0; res_torch_list: 466.0
Index 30444: diff = -0.5; res_cuda_list: 93.0; res_torch_list: 93.5
Index 30464: diff = -4.0; res_cuda_list: 752.0; res_torch_list: 756.0
Index 30480: diff = -0.25; res_cuda_list: 41.0; res_torch_list: 41.25
Index 30527: diff = 0.5; res_cuda_list: 100.0; res_torch_list: 99.5
Index 30638: diff = -0.25; res_cuda_list: 43.75; res_torch_list: 44.0
Index 30663: diff = 0.5; res_cuda_list: 97.5; res_torch_list: 97.0
Index 30683: diff = -1.0; res_cuda_list: 212.0; res_torch_list: 213.0
Index 30779: diff = -0.5; res_cuda_list: 93.5; res_torch_list: 94.0
Index 30878: diff = 0.5; res_cuda_list: 65.0; res_torch_list: 64.5
Index 30887: diff = 2.0; res_cuda_list: 282.0; res_torch_list: 280.0
Index 30933: diff = 0.5; res_cuda_list: 114.5; res_torch_list: 114.0
Index 30945: diff = -4.0; res_cuda_list: 752.0; res_torch_list: 756.0
Index 31045: diff = 0.25; res_cuda_list: 46.5; res_torch_list: 46.25
Index 31048: diff = -0.25; res_cuda_list: 54.75; res_torch_list: 55.0
Index 31072: diff = 16.0; res_cuda_list: 2848.0; res_torch_list: 2832.0
Index 31119: diff = -0.5; res_cuda_list: 101.5; res_torch_list: 102.0
Index 31155: diff = -0.5; res_cuda_list: 111.0; res_torch_list: 111.5
Index 31167: diff = -2.0; res_cuda_list: 346.0; res_torch_list: 348.0
Index 31186: diff = -1.0; res_cuda_list: 219.0; res_torch_list: 220.0
Index 31240: diff = -0.5; res_cuda_list: 108.0; res_torch_list: 108.5
Index 31242: diff = -1.0; res_cuda_list: 167.0; res_torch_list: 168.0
Index 31273: diff = 0.25; res_cuda_list: 62.0; res_torch_list: 61.75
Index 31286: diff = 4.0; res_cuda_list: 816.0; res_torch_list: 812.0
Index 31333: diff = -1.0; res_cuda_list: 168.0; res_torch_list: 169.0
Index 31354: diff = -0.25; res_cuda_list: 42.25; res_torch_list: 42.5
Index 31357: diff = -0.5; res_cuda_list: 99.5; res_torch_list: 100.0
Index 31495: diff = -0.5; res_cuda_list: 94.5; res_torch_list: 95.0
Index 31518: diff = -2.0; res_cuda_list: 290.0; res_torch_list: 292.0
Index 31527: diff = 0.5; res_cuda_list: 76.0; res_torch_list: 75.5
Index 31528: diff = 0.25; res_cuda_list: 40.75; res_torch_list: 40.5
Index 31573: diff = 0.5; res_cuda_list: 102.0; res_torch_list: 101.5
Index 31588: diff = 0.25; res_cuda_list: 62.5; res_torch_list: 62.25
Index 31597: diff = 0.25; res_cuda_list: 32.25; res_torch_list: 32.0
Index 31614: diff = -0.25; res_cuda_list: 41.25; res_torch_list: 41.5
Index 31631: diff = 4.0; res_cuda_list: 656.0; res_torch_list: 652.0
Index 31679: diff = 4.0; res_cuda_list: 964.0; res_torch_list: 960.0
Index 31686: diff = 1.0; res_cuda_list: 223.0; res_torch_list: 222.0
Index 31707: diff = -2.0; res_cuda_list: 360.0; res_torch_list: 362.0
Index 31730: diff = 0.5; res_cuda_list: 116.5; res_torch_list: 116.0
Index 31798: diff = 0.5; res_cuda_list: 67.5; res_torch_list: 67.0
Index 31804: diff = 0.25; res_cuda_list: 58.75; res_torch_list: 58.5
Index 31923: diff = 1.0; res_cuda_list: 228.0; res_torch_list: 227.0
Index 32018: diff = 0.25; res_cuda_list: 32.5; res_torch_list: 32.25
Index 32025: diff = 1.0; res_cuda_list: 234.0; res_torch_list: 233.0
Index 32036: diff = 1.0; res_cuda_list: 231.0; res_torch_list: 230.0
Index 32055: diff = 0.5; res_cuda_list: 120.0; res_torch_list: 119.5
Index 32070: diff = 8.0; res_cuda_list: 1704.0; res_torch_list: 1696.0
Index 32072: diff = -4.0; res_cuda_list: 896.0; res_torch_list: 900.0
Index 32085: diff = -0.25; res_cuda_list: 41.25; res_torch_list: 41.5
Index 32184: diff = 0.25; res_cuda_list: 40.75; res_torch_list: 40.5
Index 32254: diff = 4.0; res_cuda_list: 976.0; res_torch_list: 972.0
Index 32265: diff = 0.25; res_cuda_list: 53.0; res_torch_list: 52.75
Index 32270: diff = 0.25; res_cuda_list: 57.25; res_torch_list: 57.0
Index 32297: diff = 0.25; res_cuda_list: 61.75; res_torch_list: 61.5
Index 32370: diff = -0.5; res_cuda_list: 69.0; res_torch_list: 69.5
Index 32572: diff = -2.0; res_cuda_list: 426.0; res_torch_list: 428.0
Index 32574: diff = -0.25; res_cuda_list: 49.5; res_torch_list: 49.75
Index 32660: diff = 1.0; res_cuda_list: 228.0; res_torch_list: 227.0
Index 32671: diff = -1.0; res_cuda_list: 213.0; res_torch_list: 214.0
Index 32690: diff = 2.0; res_cuda_list: 384.0; res_torch_list: 382.0
Index 32756: diff = -8.0; res_cuda_list: 1144.0; res_torch_list: 1152.0
Index 32782: diff = -0.25; res_cuda_list: 44.25; res_torch_list: 44.5
Index 32842: diff = 1.0; res_cuda_list: 229.0; res_torch_list: 228.0
Index 32891: diff = 0.5; res_cuda_list: 84.0; res_torch_list: 83.5
Index 32946: diff = -0.5; res_cuda_list: 91.0; res_torch_list: 91.5
Index 32961: diff = -2.0; res_cuda_list: 386.0; res_torch_list: 388.0
Index 32992: diff = 4.0; res_cuda_list: 784.0; res_torch_list: 780.0
Index 33005: diff = -0.5; res_cuda_list: 87.0; res_torch_list: 87.5
